<?xml version="1.0" encoding="UTF-8"?>
<!-- Generated by org.testng.reporters.JUnitXMLReporter -->
<testsuite ignored="0" hostname="PRACTIAARNB1955" failures="0" tests="7" name="Prueba de Soldado" time="0.031" errors="0" timestamp="2023-12-12T18:17:34 ART">
  <testcase classname="org.example.PruebaSoldado" name="siUnNuevoSoldadoDescansaSusPuntosDeVidaMantienenElValorInicial" time="0.003"/>
  <testcase classname="org.example.PruebaSoldado" name="siUnSoldadoPeleaEntoncesSusPuntosDeVidaSeReducenALaMitadDelValorDelAtaque" time="0.001"/>
  <testcase classname="org.example.PruebaSoldado" name="siUnSoldadoPeleaVariasVecesEntoncesSusPuntosDeVidaSeReducenALaMitadDeLaSumaDeLosAtaques" time="0.001"/>
  <testcase classname="org.example.PruebaSoldado" name="siUnSoldadoRecibeDanioQueSuperaSusPuntosDeVidaEntoncesEstaMuerto" time="0.001"/>
  <testcase classname="org.example.PruebaSoldado" name="siUnSoldadoRecibeMasDanioDelQueRecuperaDescansandoYLuegoDescansaEntoncesSusPuntosDeVidaDisminuyeron" time="0.001"/>
  <testcase classname="org.example.PruebaSoldado" name="unSoldadoMuertoNoPuedePelear" time="0.002"/>
  <testcase classname="org.example.PruebaSoldado" name="unSoldadoRecienCreadoNoEstaMuerto" time="0.003"/>
</testsuite> <!-- Prueba de Soldado -->
