<?xml version="1.0" encoding="UTF-8"?>
<!-- Generated by org.testng.reporters.JUnitXMLReporter -->
<testsuite ignored="0" hostname="PRACTIAARNB1955" failures="0" tests="3" name="Prueba Wikipedia" time="34.794" errors="0" timestamp="2024-01-10T22:07:06 ART">
  <testcase classname="io.cucumber.testng.AbstractTestNGCucumberTests" name="runScenario" time="7.507"/>
  <testcase classname="io.cucumber.testng.AbstractTestNGCucumberTests" name="runScenario" time="3.55"/>
  <testcase classname="io.cucumber.testng.AbstractTestNGCucumberTests" name="runScenario" time="4.959"/>
</testsuite> <!-- Prueba Wikipedia -->
