<?xml version="1.0" encoding="UTF-8"?>
<testng-results ignored="0" total="3" passed="3" failed="0" skipped="0">
  <reporter-output>
  </reporter-output>
  <suite started-at="2024-01-10T22:06:32 ART" name="ICARO Automatización de pruebas" finished-at="2024-01-10T22:07:06 ART" duration-ms="34794">
    <groups>
      <group name="cucumber">
        <method signature="AbstractTestNGCucumberTests.runScenario(io.cucumber.testng.PickleWrapper,io.cucumber.testng.FeatureWrapper)[pri:0, instance:ar.org.icaro.automatizacion.clase12.CucumberRunnerTests@2034b64c]" name="runScenario" class="io.cucumber.testng.AbstractTestNGCucumberTests"/>
      </group> <!-- cucumber -->
    </groups>
    <test started-at="2024-01-10T22:06:32 ART" name="Prueba Wikipedia" finished-at="2024-01-10T22:07:06 ART" duration-ms="34794">
      <class name="ar.org.icaro.automatizacion.clase12.CucumberRunnerTests">
        <test-method is-config="true" signature="setUpClass(org.testng.ITestContext)[pri:0, instance:ar.org.icaro.automatizacion.clase12.CucumberRunnerTests@2034b64c]" started-at="2024-01-10T22:06:32 ART" name="setUpClass" finished-at="2024-01-10T22:06:45 ART" duration-ms="13478" status="PASS">
          <params>
            <param index="0">
              <value>
                <![CDATA[org.testng.TestRunner@42f85fa4]]>
              </value>
            </param>
          </params>
          <reporter-output>
          </reporter-output>
        </test-method> <!-- setUpClass -->
        <test-method signature="runScenario(io.cucumber.testng.PickleWrapper,io.cucumber.testng.FeatureWrapper)[pri:0, instance:ar.org.icaro.automatizacion.clase12.CucumberRunnerTests@2034b64c]" started-at="2024-01-10T22:06:45 ART" name="runScenario" description="Runs Cucumber Scenarios" data-provider="scenarios" finished-at="2024-01-10T22:06:53 ART" duration-ms="7507" status="PASS">
          <params>
            <param index="0">
              <value>
                <![CDATA["Buscar un término con artículo existente"]]>
              </value>
            </param>
            <param index="1">
              <value>
                <![CDATA["Buscar en Wikipedia"]]>
              </value>
            </param>
          </params>
          <reporter-output>
          </reporter-output>
        </test-method> <!-- runScenario -->
        <test-method signature="runScenario(io.cucumber.testng.PickleWrapper,io.cucumber.testng.FeatureWrapper)[pri:0, instance:ar.org.icaro.automatizacion.clase12.CucumberRunnerTests@2034b64c]" started-at="2024-01-10T22:06:53 ART" name="runScenario" description="Runs Cucumber Scenarios" data-provider="scenarios" finished-at="2024-01-10T22:06:56 ART" duration-ms="3550" status="PASS">
          <params>
            <param index="0">
              <value>
                <![CDATA["Buscar un término con artículo existente"]]>
              </value>
            </param>
            <param index="1">
              <value>
                <![CDATA["Buscar en Wikipedia"]]>
              </value>
            </param>
          </params>
          <reporter-output>
          </reporter-output>
        </test-method> <!-- runScenario -->
        <test-method signature="runScenario(io.cucumber.testng.PickleWrapper,io.cucumber.testng.FeatureWrapper)[pri:0, instance:ar.org.icaro.automatizacion.clase12.CucumberRunnerTests@2034b64c]" started-at="2024-01-10T22:06:56 ART" name="runScenario" description="Runs Cucumber Scenarios" data-provider="scenarios" finished-at="2024-01-10T22:07:01 ART" duration-ms="4959" status="PASS">
          <params>
            <param index="0">
              <value>
                <![CDATA["Buscar un término con artículo existente"]]>
              </value>
            </param>
            <param index="1">
              <value>
                <![CDATA["Buscar en Wikipedia"]]>
              </value>
            </param>
          </params>
          <reporter-output>
          </reporter-output>
        </test-method> <!-- runScenario -->
        <test-method is-config="true" signature="tearDownClass()[pri:0, instance:ar.org.icaro.automatizacion.clase12.CucumberRunnerTests@2034b64c]" started-at="2024-01-10T22:07:01 ART" name="tearDownClass" finished-at="2024-01-10T22:07:06 ART" duration-ms="5207" status="PASS">
          <reporter-output>
          </reporter-output>
        </test-method> <!-- tearDownClass -->
      </class> <!-- ar.org.icaro.automatizacion.clase12.CucumberRunnerTests -->
    </test> <!-- Prueba Wikipedia -->
  </suite> <!-- ICARO Automatización de pruebas -->
</testng-results>
