<?xml version="1.0" encoding="UTF-8"?>
<testsuite xmlns:xsi="http://www.w3.org/2001/XMLSchema-instance" xsi:noNamespaceSchemaLocation="https://maven.apache.org/surefire/maven-surefire-plugin/xsd/surefire-test-report-3.0.xsd" version="3.0" name="TestSuite" time="36.772" tests="3" errors="0" skipped="0" failures="0">
  <properties>
[...]
</properties>
  <testcase name="runScenario[&quot;Buscar un término con artículo existente&quot;, &quot;Buscar en Wikipedia&quot;](1)" classname="ar.org.icaro.automatizacion.clase12.CucumberRunnerTests" time="7.517">
    <system-err><![CDATA[SLF4J: Failed to load class "org.slf4j.impl.StaticLoggerBinder".
SLF4J: Defaulting to no-operation (NOP) logger implementation
SLF4J: See http://www.slf4j.org/codes.html#StaticLoggerBinder for further details.
]]></system-err>
  </testcase>
  <testcase name="runScenario[&quot;Buscar un término con artículo existente&quot;, &quot;Buscar en Wikipedia&quot;](2)" classname="ar.org.icaro.automatizacion.clase12.CucumberRunnerTests" time="3.54"/>
  <testcase name="runScenario[&quot;Buscar un término con artículo existente&quot;, &quot;Buscar en Wikipedia&quot;](3)" classname="ar.org.icaro.automatizacion.clase12.CucumberRunnerTests" time="4.958"/>
</testsuite>